Integration (ubuntu-latest, port=1502)	Set up job	∩╗┐2025-10-19T06:36:44.1063230Z Current runner version: '2.329.0'
Integration (ubuntu-latest, port=1502)	Set up job	2025-10-19T06:36:44.1096865Z ##[group]Runner Image Provisioner
Integration (ubuntu-latest, port=1502)	Set up job	2025-10-19T06:36:44.1098029Z Hosted Compute Agent
Integration (ubuntu-latest, port=1502)	Set up job	2025-10-19T06:36:44.1098817Z Version: 20251013.424
Integration (ubuntu-latest, port=1502)	Set up job	2025-10-19T06:36:44.1099787Z Commit: cfdd8bfed34d71a55b72df4d2e82343c3fc2bab3
Integration (ubuntu-latest, port=1502)	Set up job	2025-10-19T06:36:44.1100850Z Build Date: 2025-10-13T20:22:23Z
Integration (ubuntu-latest, port=1502)	Set up job	2025-10-19T06:36:44.1101899Z ##[endgroup]
Integration (ubuntu-latest, port=1502)	Set up job	2025-10-19T06:36:44.1102740Z ##[group]Operating System
Integration (ubuntu-latest, port=1502)	Set up job	2025-10-19T06:36:44.1103532Z Ubuntu
Integration (ubuntu-latest, port=1502)	Set up job	2025-10-19T06:36:44.1104187Z 24.04.3
Integration (ubuntu-latest, port=1502)	Set up job	2025-10-19T06:36:44.1104862Z LTS
Integration (ubuntu-latest, port=1502)	Set up job	2025-10-19T06:36:44.1105563Z ##[endgroup]
Integration (ubuntu-latest, port=1502)	Set up job	2025-10-19T06:36:44.1106201Z ##[group]Runner Image
Integration (ubuntu-latest, port=1502)	Set up job	2025-10-19T06:36:44.1107046Z Image: ubuntu-24.04
Integration (ubuntu-latest, port=1502)	Set up job	2025-10-19T06:36:44.1107784Z Version: 20251014.76.1
Integration (ubuntu-latest, port=1502)	Set up job	2025-10-19T06:36:44.1109271Z Included Software: https://github.com/actions/runner-images/blob/ubuntu24/20251014.76/images/ubuntu/Ubuntu2404-Readme.md
Integration (ubuntu-latest, port=1502)	Set up job	2025-10-19T06:36:44.1111668Z Image Release: https://github.com/actions/runner-images/releases/tag/ubuntu24%2F20251014.76
Integration (ubuntu-latest, port=1502)	Set up job	2025-10-19T06:36:44.1113448Z ##[endgroup]
Integration (ubuntu-latest, port=1502)	Set up job	2025-10-19T06:36:44.1115039Z ##[group]GITHUB_TOKEN Permissions
Integration (ubuntu-latest, port=1502)	Set up job	2025-10-19T06:36:44.1117694Z Contents: read
Integration (ubuntu-latest, port=1502)	Set up job	2025-10-19T06:36:44.1118812Z Metadata: read
Integration (ubuntu-latest, port=1502)	Set up job	2025-10-19T06:36:44.1119672Z Packages: read
Integration (ubuntu-latest, port=1502)	Set up job	2025-10-19T06:36:44.1120336Z ##[endgroup]
Integration (ubuntu-latest, port=1502)	Set up job	2025-10-19T06:36:44.1123288Z Secret source: Actions
Integration (ubuntu-latest, port=1502)	Set up job	2025-10-19T06:36:44.1124360Z Prepare workflow directory
Integration (ubuntu-latest, port=1502)	Set up job	2025-10-19T06:36:44.2142782Z Prepare all required actions
Integration (ubuntu-latest, port=1502)	Set up job	2025-10-19T06:36:44.2240967Z Getting action download info
Integration (ubuntu-latest, port=1502)	Set up job	2025-10-19T06:36:44.7035991Z ##[error]Unable to resolve action microsoft/vcpkg-action, repository not found
