Integration (windows-latest, port=1502)	Set up job	∩╗┐2025-10-19T06:36:44.0231438Z Current runner version: '2.329.0'
Integration (windows-latest, port=1502)	Set up job	2025-10-19T06:36:44.0292410Z ##[group]Runner Image Provisioner
Integration (windows-latest, port=1502)	Set up job	2025-10-19T06:36:44.0293675Z Hosted Compute Agent
Integration (windows-latest, port=1502)	Set up job	2025-10-19T06:36:44.0294517Z Version: 20251013.424
Integration (windows-latest, port=1502)	Set up job	2025-10-19T06:36:44.0296074Z Commit: cfdd8bfed34d71a55b72df4d2e82343c3fc2bab3
Integration (windows-latest, port=1502)	Set up job	2025-10-19T06:36:44.0297232Z Build Date: 2025-10-13T20:22:23Z
Integration (windows-latest, port=1502)	Set up job	2025-10-19T06:36:44.0298598Z ##[endgroup]
Integration (windows-latest, port=1502)	Set up job	2025-10-19T06:36:44.0299439Z ##[group]Operating System
Integration (windows-latest, port=1502)	Set up job	2025-10-19T06:36:44.0300449Z Microsoft Windows Server 2025
Integration (windows-latest, port=1502)	Set up job	2025-10-19T06:36:44.0301359Z 10.0.26100
Integration (windows-latest, port=1502)	Set up job	2025-10-19T06:36:44.0306157Z Datacenter
Integration (windows-latest, port=1502)	Set up job	2025-10-19T06:36:44.0306987Z ##[endgroup]
Integration (windows-latest, port=1502)	Set up job	2025-10-19T06:36:44.0317382Z ##[group]Runner Image
Integration (windows-latest, port=1502)	Set up job	2025-10-19T06:36:44.0318288Z Image: windows-2025
Integration (windows-latest, port=1502)	Set up job	2025-10-19T06:36:44.0330145Z Version: 20251014.59.1
Integration (windows-latest, port=1502)	Set up job	2025-10-19T06:36:44.0337651Z Included Software: https://github.com/actions/runner-images/blob/win25/20251014.59/images/windows/Windows2025-Readme.md
Integration (windows-latest, port=1502)	Set up job	2025-10-19T06:36:44.0341678Z Image Release: https://github.com/actions/runner-images/releases/tag/win25%2F20251014.59
Integration (windows-latest, port=1502)	Set up job	2025-10-19T06:36:44.0344006Z ##[endgroup]
Integration (windows-latest, port=1502)	Set up job	2025-10-19T06:36:44.0345902Z ##[group]GITHUB_TOKEN Permissions
Integration (windows-latest, port=1502)	Set up job	2025-10-19T06:36:44.0348413Z Contents: read
Integration (windows-latest, port=1502)	Set up job	2025-10-19T06:36:44.0349226Z Metadata: read
Integration (windows-latest, port=1502)	Set up job	2025-10-19T06:36:44.0350460Z Packages: read
Integration (windows-latest, port=1502)	Set up job	2025-10-19T06:36:44.0351260Z ##[endgroup]
Integration (windows-latest, port=1502)	Set up job	2025-10-19T06:36:44.0354290Z Secret source: Actions
Integration (windows-latest, port=1502)	Set up job	2025-10-19T06:36:44.0355448Z Prepare workflow directory
Integration (windows-latest, port=1502)	Set up job	2025-10-19T06:36:44.1425947Z Prepare all required actions
Integration (windows-latest, port=1502)	Set up job	2025-10-19T06:36:44.1483802Z Getting action download info
Integration (windows-latest, port=1502)	Set up job	2025-10-19T06:36:44.6437454Z ##[error]Unable to resolve action microsoft/vcpkg-action, repository not found
